<?xml version="1.0" encoding="UTF-8"?>
<!-- Generated by org.testng.reporters.JUnitXMLReporter -->
<testsuite hostname="Satishs-iMac.local" ignored="0" name="SignIn" tests="9" failures="1" timestamp="25 Apr 2019 06:36:26 GMT" time="141.029" errors="0">
  <testcase name="tc001_signIN" time="6.616" classname="com.qa.tiatros.signIn.testcase.TC001"/>
  <testcase name="tc002_signIN" time="6.931" classname="com.qa.tiatros.signIn.testcase.TC002"/>
  <testcase name="tc003_signIN" time="2.453" classname="com.qa.tiatros.signIn.testcase.TC003">
    <failure type="java.lang.AssertionError" message="expected [true] but found [false]">
      <![CDATA[java.lang.AssertionError: expected [true] but found [false]
at com.qa.tiatros.pages.PasswordPage.verify_passwordPage(PasswordPage.java:50)
at com.qa.tiatros.signIn.testcase.TC003.tc003_signIN(TC003.java:46)
... Removed 31 stack frames]]>
    </failure>
  </testcase> <!-- tc003_signIN -->
  <testcase name="tc004_signIN" time="7.285" classname="com.qa.tiatros.signIn.testcase.TC004"/>
  <testcase name="tc005_signIN" time="6.862" classname="com.qa.tiatros.signIn.testcase.TC005"/>
  <testcase name="tc006_signIN" time="7.921" classname="com.qa.tiatros.signIn.testcase.TC006"/>
  <testcase name="tc007_signIN" time="6.876" classname="com.qa.tiatros.signIn.testcase.TC007"/>
  <testcase name="tc008_signIN" time="7.234" classname="com.qa.tiatros.signIn.testcase.TC008"/>
  <testcase name="tc009_signIN" time="24.662" classname="com.qa.tiatros.signIn.testcase.TC009"/>
</testsuite> <!-- SignIn -->
